<?xml version="1.0" encoding="UTF-8"?>
<!-- Generated by org.testng.reporters.JUnitXMLReporter -->
<testsuite hostname="DESKTOP-RTS8LFV" ignored="0" name="Test" tests="3" failures="1" timestamp="2020-03-08T22:13:49 IST" time="160.67" errors="0">
  <testcase name="fastestFlightPrice" time="30.047" classname="testcases.TC001_Fastest_Flight_Price"/>
  <testcase name="fastestFlightPrice" time="30.509" classname="testcases.TC001_Fastest_Flight_Price"/>
  <testcase name="fastestFlightPrice" time="16.443" classname="testcases.TC001_Fastest_Flight_Price">
    <failure type="java.lang.IndexOutOfBoundsException" message="Index: 0, Size: 0">
      <![CDATA[java.lang.IndexOutOfBoundsException: Index: 0, Size: 0
at java.util.ArrayList.rangeCheck(ArrayList.java:657)
at java.util.ArrayList.get(ArrayList.java:433)
at pages.SearchPage.searchdata(SearchPage.java:17)
at testcases.TC001_Fastest_Flight_Price.fastestFlightPrice(TC001_Fastest_Flight_Price.java:20)
... Removed 25 stack frames]]>
    </failure>
  </testcase> <!-- fastestFlightPrice -->
</testsuite> <!-- Test -->
