<?xml version="1.0" encoding="UTF-8"?>
<!-- Generated by org.testng.reporters.JUnitXMLReporter -->
<testsuite hostname="DESKTOP-RTS8LFV" ignored="0" name="Test" tests="3" failures="0" timestamp="2020-04-01T21:50:16 IST" time="185.356" errors="0">
  <testcase name="fastestFlightPrice" time="22.237" classname="testcases.TC001_Fastest_Flight_Price"/>
  <testcase name="fastestFlightPrice" time="29.886" classname="testcases.TC001_Fastest_Flight_Price"/>
  <testcase name="fastestFlightPrice" time="27.312" classname="testcases.TC001_Fastest_Flight_Price"/>
</testsuite> <!-- Test -->
