<?xml version="1.0" encoding="UTF-8"?>
<testng-results skipped="0" failed="0" ignored="0" total="3" passed="3">
  <reporter-output>
  </reporter-output>
  <suite name="Suite" duration-ms="183455" started-at="2020-03-27T15:05:55 IST" finished-at="2020-03-27T15:08:58 IST">
    <groups>
    </groups>
    <test name="Test" duration-ms="183455" started-at="2020-03-27T15:05:55 IST" finished-at="2020-03-27T15:08:58 IST">
      <class name="testcases.TC001_Fastest_Flight_Price">
        <test-method status="PASS" signature="setData()[pri:0, instance:testcases.TC001_Fastest_Flight_Price@1f28c152]" name="setData" is-config="true" duration-ms="51" started-at="2020-03-27T15:05:55 IST" finished-at="2020-03-27T15:05:55 IST">
          <reporter-output>
          </reporter-output>
        </test-method> <!-- setData -->
        <test-method status="PASS" signature="startApp(java.lang.String)[pri:0, instance:testcases.TC001_Fastest_Flight_Price@1f28c152]" name="startApp" is-config="true" duration-ms="22396" started-at="2020-03-27T15:05:57 IST" finished-at="2020-03-27T15:06:19 IST">
          <params>
            <param index="0">
              <value>
                <![CDATA[https://www.esky.com/]]>
              </value>
            </param>
          </params>
          <reporter-output>
          </reporter-output>
        </test-method> <!-- startApp -->
        <test-method status="PASS" signature="fastestFlightPrice(java.lang.String, java.lang.String)[pri:0, instance:testcases.TC001_Fastest_Flight_Price@1f28c152]" name="fastestFlightPrice" duration-ms="32673" started-at="2020-03-27T15:06:19 IST" data-provider="fetchData" finished-at="2020-03-27T15:06:52 IST">
          <params>
            <param index="0">
              <value>
                <![CDATA[SFO]]>
              </value>
            </param>
            <param index="1">
              <value>
                <![CDATA[DFW]]>
              </value>
            </param>
          </params>
          <reporter-output>
          </reporter-output>
        </test-method> <!-- fastestFlightPrice -->
        <test-method status="PASS" signature="closeApp()[pri:0, instance:testcases.TC001_Fastest_Flight_Price@1f28c152]" name="closeApp" is-config="true" duration-ms="596" started-at="2020-03-27T15:06:52 IST" finished-at="2020-03-27T15:06:53 IST">
          <reporter-output>
          </reporter-output>
        </test-method> <!-- closeApp -->
        <test-method status="PASS" signature="startApp(java.lang.String)[pri:0, instance:testcases.TC001_Fastest_Flight_Price@1f28c152]" name="startApp" is-config="true" duration-ms="27307" started-at="2020-03-27T15:06:53 IST" finished-at="2020-03-27T15:07:20 IST">
          <params>
            <param index="0">
              <value>
                <![CDATA[https://www.esky.com/]]>
              </value>
            </param>
          </params>
          <reporter-output>
          </reporter-output>
        </test-method> <!-- startApp -->
        <test-method status="PASS" signature="fastestFlightPrice(java.lang.String, java.lang.String)[pri:0, instance:testcases.TC001_Fastest_Flight_Price@1f28c152]" name="fastestFlightPrice" duration-ms="39258" started-at="2020-03-27T15:07:20 IST" data-provider="fetchData" finished-at="2020-03-27T15:07:59 IST">
          <params>
            <param index="0">
              <value>
                <![CDATA[MAA]]>
              </value>
            </param>
            <param index="1">
              <value>
                <![CDATA[DEL]]>
              </value>
            </param>
          </params>
          <reporter-output>
          </reporter-output>
        </test-method> <!-- fastestFlightPrice -->
        <test-method status="PASS" signature="closeApp()[pri:0, instance:testcases.TC001_Fastest_Flight_Price@1f28c152]" name="closeApp" is-config="true" duration-ms="2270" started-at="2020-03-27T15:07:59 IST" finished-at="2020-03-27T15:08:01 IST">
          <reporter-output>
          </reporter-output>
        </test-method> <!-- closeApp -->
        <test-method status="PASS" signature="startApp(java.lang.String)[pri:0, instance:testcases.TC001_Fastest_Flight_Price@1f28c152]" name="startApp" is-config="true" duration-ms="21474" started-at="2020-03-27T15:08:01 IST" finished-at="2020-03-27T15:08:23 IST">
          <params>
            <param index="0">
              <value>
                <![CDATA[https://www.esky.com/]]>
              </value>
            </param>
          </params>
          <reporter-output>
          </reporter-output>
        </test-method> <!-- startApp -->
        <test-method status="PASS" signature="fastestFlightPrice(java.lang.String, java.lang.String)[pri:0, instance:testcases.TC001_Fastest_Flight_Price@1f28c152]" name="fastestFlightPrice" duration-ms="33027" started-at="2020-03-27T15:08:23 IST" data-provider="fetchData" finished-at="2020-03-27T15:08:56 IST">
          <params>
            <param index="0">
              <value>
                <![CDATA[ORD]]>
              </value>
            </param>
            <param index="1">
              <value>
                <![CDATA[JFK]]>
              </value>
            </param>
          </params>
          <reporter-output>
          </reporter-output>
        </test-method> <!-- fastestFlightPrice -->
        <test-method status="PASS" signature="closeApp()[pri:0, instance:testcases.TC001_Fastest_Flight_Price@1f28c152]" name="closeApp" is-config="true" duration-ms="2335" started-at="2020-03-27T15:08:56 IST" finished-at="2020-03-27T15:08:58 IST">
          <reporter-output>
          </reporter-output>
        </test-method> <!-- closeApp -->
      </class> <!-- testcases.TC001_Fastest_Flight_Price -->
    </test> <!-- Test -->
  </suite> <!-- Suite -->
</testng-results>
