<?xml version="1.0" encoding="UTF-8"?>
<testng-results skipped="0" failed="0" ignored="0" total="3" passed="3">
  <reporter-output>
  </reporter-output>
  <suite name="Suite" duration-ms="189663" started-at="2020-04-03T20:50:40 IST" finished-at="2020-04-03T20:53:50 IST">
    <groups>
    </groups>
    <test name="Test" duration-ms="189663" started-at="2020-04-03T20:50:40 IST" finished-at="2020-04-03T20:53:50 IST">
      <class name="testcases.TC001_Fastest_Flight_Price">
        <test-method status="PASS" signature="setData()[pri:0, instance:testcases.TC001_Fastest_Flight_Price@7d3a22a9]" name="setData" is-config="true" duration-ms="57" started-at="2020-04-03T20:50:40 IST" finished-at="2020-04-03T20:50:40 IST">
          <reporter-output>
          </reporter-output>
        </test-method> <!-- setData -->
        <test-method status="PASS" signature="startApp(java.lang.String)[pri:0, instance:testcases.TC001_Fastest_Flight_Price@7d3a22a9]" name="startApp" is-config="true" duration-ms="38249" started-at="2020-04-03T20:50:43 IST" finished-at="2020-04-03T20:51:22 IST">
          <params>
            <param index="0">
              <value>
                <![CDATA[https://www.esky.com/]]>
              </value>
            </param>
          </params>
          <reporter-output>
          </reporter-output>
        </test-method> <!-- startApp -->
        <test-method status="PASS" signature="fastestFlightPrice(java.lang.String, java.lang.String)[pri:0, instance:testcases.TC001_Fastest_Flight_Price@7d3a22a9]" name="fastestFlightPrice" duration-ms="28260" started-at="2020-04-03T20:51:25 IST" data-provider="fetchData" finished-at="2020-04-03T20:51:53 IST">
          <params>
            <param index="0">
              <value>
                <![CDATA[SFO]]>
              </value>
            </param>
            <param index="1">
              <value>
                <![CDATA[DFW]]>
              </value>
            </param>
          </params>
          <reporter-output>
          </reporter-output>
        </test-method> <!-- fastestFlightPrice -->
        <test-method status="PASS" signature="closeApp()[pri:0, instance:testcases.TC001_Fastest_Flight_Price@7d3a22a9]" name="closeApp" is-config="true" duration-ms="860" started-at="2020-04-03T20:51:55 IST" finished-at="2020-04-03T20:51:56 IST">
          <reporter-output>
          </reporter-output>
        </test-method> <!-- closeApp -->
        <test-method status="PASS" signature="startApp(java.lang.String)[pri:0, instance:testcases.TC001_Fastest_Flight_Price@7d3a22a9]" name="startApp" is-config="true" duration-ms="23041" started-at="2020-04-03T20:51:56 IST" finished-at="2020-04-03T20:52:19 IST">
          <params>
            <param index="0">
              <value>
                <![CDATA[https://www.esky.com/]]>
              </value>
            </param>
          </params>
          <reporter-output>
          </reporter-output>
        </test-method> <!-- startApp -->
        <test-method status="PASS" signature="fastestFlightPrice(java.lang.String, java.lang.String)[pri:0, instance:testcases.TC001_Fastest_Flight_Price@7d3a22a9]" name="fastestFlightPrice" duration-ms="26938" started-at="2020-04-03T20:52:19 IST" data-provider="fetchData" finished-at="2020-04-03T20:52:46 IST">
          <params>
            <param index="0">
              <value>
                <![CDATA[MAA]]>
              </value>
            </param>
            <param index="1">
              <value>
                <![CDATA[SFO]]>
              </value>
            </param>
          </params>
          <reporter-output>
          </reporter-output>
        </test-method> <!-- fastestFlightPrice -->
        <test-method status="PASS" signature="closeApp()[pri:0, instance:testcases.TC001_Fastest_Flight_Price@7d3a22a9]" name="closeApp" is-config="true" duration-ms="1166" started-at="2020-04-03T20:52:47 IST" finished-at="2020-04-03T20:52:48 IST">
          <reporter-output>
          </reporter-output>
        </test-method> <!-- closeApp -->
        <test-method status="PASS" signature="startApp(java.lang.String)[pri:0, instance:testcases.TC001_Fastest_Flight_Price@7d3a22a9]" name="startApp" is-config="true" duration-ms="31508" started-at="2020-04-03T20:52:48 IST" finished-at="2020-04-03T20:53:20 IST">
          <params>
            <param index="0">
              <value>
                <![CDATA[https://www.esky.com/]]>
              </value>
            </param>
          </params>
          <reporter-output>
          </reporter-output>
        </test-method> <!-- startApp -->
        <test-method status="PASS" signature="fastestFlightPrice(java.lang.String, java.lang.String)[pri:0, instance:testcases.TC001_Fastest_Flight_Price@7d3a22a9]" name="fastestFlightPrice" duration-ms="25614" started-at="2020-04-03T20:53:20 IST" data-provider="fetchData" finished-at="2020-04-03T20:53:45 IST">
          <params>
            <param index="0">
              <value>
                <![CDATA[DFW]]>
              </value>
            </param>
            <param index="1">
              <value>
                <![CDATA[SFO]]>
              </value>
            </param>
          </params>
          <reporter-output>
          </reporter-output>
        </test-method> <!-- fastestFlightPrice -->
        <test-method status="PASS" signature="closeApp()[pri:0, instance:testcases.TC001_Fastest_Flight_Price@7d3a22a9]" name="closeApp" is-config="true" duration-ms="3428" started-at="2020-04-03T20:53:46 IST" finished-at="2020-04-03T20:53:50 IST">
          <reporter-output>
          </reporter-output>
        </test-method> <!-- closeApp -->
      </class> <!-- testcases.TC001_Fastest_Flight_Price -->
    </test> <!-- Test -->
  </suite> <!-- Suite -->
</testng-results>
